<?xml version="1.0" encoding="UTF-8"?>
<!-- Generated by org.testng.reporters.JUnitReportReporter -->
<testsuite skipped="0" hostname="Iftekhar-HP" name="MultiBrowser" tests="2" failures="0" timestamp="27 Jan 2023 11:45:23 GMT" time="34.587" errors="0">
  <testcase name="test" time="16.355" classname="MultiBrowser"/>
  <testcase name="test" time="18.232" classname="MultiBrowser"/>
</testsuite> <!-- MultiBrowser -->
